2023-06-01 15:22:08,391 INFO o.a.j.u.JMeterUtils: Setting Locale to en_US
2023-06-01 15:22:08,415 INFO o.a.j.JMeter: Loading user properties from: /opt/apache-jmeter-5.5/bin/user.properties
2023-06-01 15:22:08,416 INFO o.a.j.JMeter: Loading system properties from: /opt/apache-jmeter-5.5/bin/system.properties
2023-06-01 15:22:08,416 INFO o.a.j.JMeter: Setting JMeter property: HOST=192.168.90.166
2023-06-01 15:22:08,416 INFO o.a.j.JMeter: Setting JMeter property: PORT=80
2023-06-01 15:22:08,416 INFO o.a.j.JMeter: Setting JMeter property: THREAD=10
2023-06-01 15:22:08,416 INFO o.a.j.JMeter: Setting JMeter property: USER=999
2023-06-01 15:22:08,416 INFO o.a.j.JMeter: Setting JMeter property: DURATION=30
2023-06-01 15:22:08,416 INFO o.a.j.JMeter: Setting JMeter property: RAMP=0
2023-06-01 15:22:08,427 INFO o.a.j.JMeter: Copyright (c) 1998-2022 The Apache Software Foundation
2023-06-01 15:22:08,427 INFO o.a.j.JMeter: Version 5.5
2023-06-01 15:22:08,427 INFO o.a.j.JMeter: java.version=1.8.0_222
2023-06-01 15:22:08,427 INFO o.a.j.JMeter: java.vm.name=Eclipse OpenJ9 VM
2023-06-01 15:22:08,427 INFO o.a.j.JMeter: os.name=Linux
2023-06-01 15:22:08,427 INFO o.a.j.JMeter: os.arch=amd64
2023-06-01 15:22:08,427 INFO o.a.j.JMeter: os.version=4.15.0-197-generic
2023-06-01 15:22:08,427 INFO o.a.j.JMeter: file.encoding=UTF-8
2023-06-01 15:22:08,427 INFO o.a.j.JMeter: java.awt.headless=true
2023-06-01 15:22:08,428 INFO o.a.j.JMeter: Max memory     =536870912
2023-06-01 15:22:08,428 INFO o.a.j.JMeter: Available Processors =56
2023-06-01 15:22:08,435 INFO o.a.j.JMeter: Default Locale=English (United States)
2023-06-01 15:22:08,435 INFO o.a.j.JMeter: JMeter  Locale=English (United States)
2023-06-01 15:22:08,435 INFO o.a.j.JMeter: JMeterHome=/opt/apache-jmeter-5.5
2023-06-01 15:22:08,436 INFO o.a.j.JMeter: user.dir  =/opt/think2024/acmeairMS/acmeair-mainservice-java/scripts
2023-06-01 15:22:08,436 INFO o.a.j.JMeter: PWD       =/opt/think2024/acmeairMS/acmeair-mainservice-java/scripts
2023-06-01 15:22:08,436 INFO o.a.j.JMeter: IP: 192.168.90.166 Name: zee4 FullName: zee4
2023-06-01 15:22:08,467 INFO o.a.j.s.FileServer: Default base='/opt/think2024/acmeairMS/acmeair-mainservice-java/scripts'
2023-06-01 15:22:08,468 INFO o.a.j.s.FileServer: Set new base='/opt/think2024/acmeairMS/acmeair-mainservice-java/scripts/../jmeter-files'
2023-06-01 15:22:08,653 INFO o.a.j.s.SaveService: Testplan (JMX) version: 2.2. Testlog (JTL) version: 2.2
2023-06-01 15:22:08,678 INFO o.a.j.s.SaveService: Using SaveService properties file encoding UTF-8
2023-06-01 15:22:08,683 INFO o.a.j.s.SaveService: Using SaveService properties version 5.0
2023-06-01 15:22:08,693 INFO o.a.j.s.SaveService: Loading file: ../jmeter-files/AcmeAir-microservices-mpJwt-header.jmx
2023-06-01 15:22:08,739 INFO o.a.j.p.h.c.CookieManager: Settings: Delete null: true Check: true Allow variable: true Save: false Prefix: COOKIE_
2023-06-01 15:22:08,754 INFO o.a.j.p.h.s.HTTPSamplerBase: Parser for text/html is org.apache.jmeter.protocol.http.parser.LagartoBasedHtmlParser
2023-06-01 15:22:08,754 INFO o.a.j.p.h.s.HTTPSamplerBase: Parser for application/xhtml+xml is org.apache.jmeter.protocol.http.parser.LagartoBasedHtmlParser
2023-06-01 15:22:08,754 INFO o.a.j.p.h.s.HTTPSamplerBase: Parser for application/xml is org.apache.jmeter.protocol.http.parser.LagartoBasedHtmlParser
2023-06-01 15:22:08,754 INFO o.a.j.p.h.s.HTTPSamplerBase: Parser for text/xml is org.apache.jmeter.protocol.http.parser.LagartoBasedHtmlParser
2023-06-01 15:22:08,754 INFO o.a.j.p.h.s.HTTPSamplerBase: Parser for text/vnd.wap.wml is org.apache.jmeter.protocol.http.parser.RegexpHTMLParser
2023-06-01 15:22:08,754 INFO o.a.j.p.h.s.HTTPSamplerBase: Parser for text/css is org.apache.jmeter.protocol.http.parser.CssParser
2023-06-01 15:22:09,384 INFO o.a.j.JMeter: Creating summariser <summary>
2023-06-01 15:22:09,392 INFO o.a.j.e.StandardJMeterEngine: Running the test!
2023-06-01 15:22:09,393 INFO o.a.j.s.SampleEvent: List of sample_variables: []
2023-06-01 15:22:09,394 INFO o.a.j.s.SampleEvent: List of sample_variables: []
2023-06-01 15:22:09,403 INFO o.a.j.e.u.CompoundVariable: Note: Function class names must contain the string: '.functions.'
2023-06-01 15:22:09,403 INFO o.a.j.e.u.CompoundVariable: Note: Function class names must not contain the string: '.gui.'
2023-06-01 15:22:09,906 INFO o.a.j.JMeter: Running test (1685650929906)
2023-06-01 15:22:09,966 INFO o.a.j.e.StandardJMeterEngine: Starting ThreadGroup: 1 : Thread Group
2023-06-01 15:22:09,966 INFO o.a.j.e.StandardJMeterEngine: Starting 10 threads for group Thread Group.
2023-06-01 15:22:09,966 INFO o.a.j.e.StandardJMeterEngine: Thread will continue on error
2023-06-01 15:22:09,966 INFO o.a.j.t.ThreadGroup: Starting thread group... number=1 threads=10 ramp-up=0 delayedStart=false
2023-06-01 15:22:09,994 INFO o.a.j.t.ThreadGroup: Started thread group number 1
2023-06-01 15:22:09,994 INFO o.a.j.e.StandardJMeterEngine: All thread groups have been started
2023-06-01 15:22:10,967 INFO o.a.j.t.JMeterThread: Thread started: Thread Group 1-1
2023-06-01 15:22:10,971 INFO o.a.j.t.JMeterThread: Thread started: Thread Group 1-2
2023-06-01 15:22:10,972 INFO o.a.j.s.FileServer: Stored: hosts.csv Alias: hosts.csv@-1932369202
2023-06-01 15:22:10,973 INFO o.a.j.s.FileServer: Stored: hosts.csv Alias: hosts.csv@-1504039402
2023-06-01 15:22:10,977 INFO o.a.j.t.JMeterThread: Thread started: Thread Group 1-3
2023-06-01 15:22:10,978 INFO o.a.j.s.FileServer: Stored: hosts.csv Alias: hosts.csv@-96357699
2023-06-01 15:22:10,979 INFO o.a.j.t.JMeterThread: Thread started: Thread Group 1-4
2023-06-01 15:22:10,973 ERROR o.a.j.t.JMeterThread: Test failed!
java.lang.IllegalArgumentException: File hosts.csv must exist and be readable
	at org.apache.jmeter.services.FileServer.createBufferedReader(FileServer.java:424) ~[ApacheJMeter_core.jar:5.5]
	at org.apache.jmeter.services.FileServer.readLine(FileServer.java:340) ~[ApacheJMeter_core.jar:5.5]
	at org.apache.jmeter.config.CSVDataSet.iterationStart(CSVDataSet.java:182) ~[ApacheJMeter_components.jar:5.5]
	at org.apache.jmeter.control.GenericController.fireIterationStart(GenericController.java:399) ~[ApacheJMeter_core.jar:5.5]
	at org.apache.jmeter.control.GenericController.fireIterEvents(GenericController.java:391) ~[ApacheJMeter_core.jar:5.5]
	at org.apache.jmeter.control.GenericController.next(GenericController.java:160) ~[ApacheJMeter_core.jar:5.5]
	at org.apache.jmeter.control.LoopController.next(LoopController.java:134) ~[ApacheJMeter_core.jar:5.5]
	at org.apache.jmeter.threads.AbstractThreadGroup.next(AbstractThreadGroup.java:99) ~[ApacheJMeter_core.jar:5.5]
	at org.apache.jmeter.threads.JMeterThread.run(JMeterThread.java:266) ~[ApacheJMeter_core.jar:5.5]
	at java.lang.Thread.run(Thread.java:819) ~[?:1.8.0_222]
2023-06-01 15:22:10,973 ERROR o.a.j.t.JMeterThread: Test failed!
java.lang.IllegalArgumentException: File hosts.csv must exist and be readable
	at org.apache.jmeter.services.FileServer.createBufferedReader(FileServer.java:424) ~[ApacheJMeter_core.jar:5.5]
	at org.apache.jmeter.services.FileServer.readLine(FileServer.java:340) ~[ApacheJMeter_core.jar:5.5]
	at org.apache.jmeter.config.CSVDataSet.iterationStart(CSVDataSet.java:182) ~[ApacheJMeter_components.jar:5.5]
	at org.apache.jmeter.control.GenericController.fireIterationStart(GenericController.java:399) ~[ApacheJMeter_core.jar:5.5]
	at org.apache.jmeter.control.GenericController.fireIterEvents(GenericController.java:391) ~[ApacheJMeter_core.jar:5.5]
	at org.apache.jmeter.control.GenericController.next(GenericController.java:160) ~[ApacheJMeter_core.jar:5.5]
	at org.apache.jmeter.control.LoopController.next(LoopController.java:134) ~[ApacheJMeter_core.jar:5.5]
	at org.apache.jmeter.threads.AbstractThreadGroup.next(AbstractThreadGroup.java:99) ~[ApacheJMeter_core.jar:5.5]
	at org.apache.jmeter.threads.JMeterThread.run(JMeterThread.java:266) ~[ApacheJMeter_core.jar:5.5]
	at java.lang.Thread.run(Thread.java:819) ~[?:1.8.0_222]
2023-06-01 15:22:10,978 ERROR o.a.j.t.JMeterThread: Test failed!
java.lang.IllegalArgumentException: File hosts.csv must exist and be readable
	at org.apache.jmeter.services.FileServer.createBufferedReader(FileServer.java:424) ~[ApacheJMeter_core.jar:5.5]
	at org.apache.jmeter.services.FileServer.readLine(FileServer.java:340) ~[ApacheJMeter_core.jar:5.5]
	at org.apache.jmeter.config.CSVDataSet.iterationStart(CSVDataSet.java:182) ~[ApacheJMeter_components.jar:5.5]
	at org.apache.jmeter.control.GenericController.fireIterationStart(GenericController.java:399) ~[ApacheJMeter_core.jar:5.5]
	at org.apache.jmeter.control.GenericController.fireIterEvents(GenericController.java:391) ~[ApacheJMeter_core.jar:5.5]
	at org.apache.jmeter.control.GenericController.next(GenericController.java:160) ~[ApacheJMeter_core.jar:5.5]
	at org.apache.jmeter.control.LoopController.next(LoopController.java:134) ~[ApacheJMeter_core.jar:5.5]
	at org.apache.jmeter.threads.AbstractThreadGroup.next(AbstractThreadGroup.java:99) ~[ApacheJMeter_core.jar:5.5]
	at org.apache.jmeter.threads.JMeterThread.run(JMeterThread.java:266) ~[ApacheJMeter_core.jar:5.5]
	at java.lang.Thread.run(Thread.java:819) ~[?:1.8.0_222]
2023-06-01 15:22:10,981 INFO o.a.j.s.FileServer: Stored: hosts.csv Alias: hosts.csv@-1723948664
2023-06-01 15:22:10,981 INFO o.a.j.t.JMeterThread: Thread finished: Thread Group 1-1
2023-06-01 15:22:10,981 INFO o.a.j.t.JMeterThread: Thread finished: Thread Group 1-2
2023-06-01 15:22:10,981 INFO o.a.j.t.JMeterThread: Thread finished: Thread Group 1-3
2023-06-01 15:22:10,981 ERROR o.a.j.t.JMeterThread: Test failed!
java.lang.IllegalArgumentException: File hosts.csv must exist and be readable
	at org.apache.jmeter.services.FileServer.createBufferedReader(FileServer.java:424) ~[ApacheJMeter_core.jar:5.5]
	at org.apache.jmeter.services.FileServer.readLine(FileServer.java:340) ~[ApacheJMeter_core.jar:5.5]
	at org.apache.jmeter.config.CSVDataSet.iterationStart(CSVDataSet.java:182) ~[ApacheJMeter_components.jar:5.5]
	at org.apache.jmeter.control.GenericController.fireIterationStart(GenericController.java:399) ~[ApacheJMeter_core.jar:5.5]
	at org.apache.jmeter.control.GenericController.fireIterEvents(GenericController.java:391) ~[ApacheJMeter_core.jar:5.5]
	at org.apache.jmeter.control.GenericController.next(GenericController.java:160) ~[ApacheJMeter_core.jar:5.5]
	at org.apache.jmeter.control.LoopController.next(LoopController.java:134) ~[ApacheJMeter_core.jar:5.5]
	at org.apache.jmeter.threads.AbstractThreadGroup.next(AbstractThreadGroup.java:99) ~[ApacheJMeter_core.jar:5.5]
	at org.apache.jmeter.threads.JMeterThread.run(JMeterThread.java:266) ~[ApacheJMeter_core.jar:5.5]
	at java.lang.Thread.run(Thread.java:819) ~[?:1.8.0_222]
2023-06-01 15:22:10,982 INFO o.a.j.t.JMeterThread: Thread finished: Thread Group 1-4
2023-06-01 15:22:10,982 INFO o.a.j.t.JMeterThread: Thread started: Thread Group 1-5
2023-06-01 15:22:10,984 INFO o.a.j.s.FileServer: Stored: hosts.csv Alias: hosts.csv@168029247
2023-06-01 15:22:10,984 INFO o.a.j.t.JMeterThread: Thread started: Thread Group 1-6
2023-06-01 15:22:10,984 ERROR o.a.j.t.JMeterThread: Test failed!
java.lang.IllegalArgumentException: File hosts.csv must exist and be readable
	at org.apache.jmeter.services.FileServer.createBufferedReader(FileServer.java:424) ~[ApacheJMeter_core.jar:5.5]
	at org.apache.jmeter.services.FileServer.readLine(FileServer.java:340) ~[ApacheJMeter_core.jar:5.5]
	at org.apache.jmeter.config.CSVDataSet.iterationStart(CSVDataSet.java:182) ~[ApacheJMeter_components.jar:5.5]
	at org.apache.jmeter.control.GenericController.fireIterationStart(GenericController.java:399) ~[ApacheJMeter_core.jar:5.5]
	at org.apache.jmeter.control.GenericController.fireIterEvents(GenericController.java:391) ~[ApacheJMeter_core.jar:5.5]
	at org.apache.jmeter.control.GenericController.next(GenericController.java:160) ~[ApacheJMeter_core.jar:5.5]
	at org.apache.jmeter.control.LoopController.next(LoopController.java:134) ~[ApacheJMeter_core.jar:5.5]
	at org.apache.jmeter.threads.AbstractThreadGroup.next(AbstractThreadGroup.java:99) ~[ApacheJMeter_core.jar:5.5]
	at org.apache.jmeter.threads.JMeterThread.run(JMeterThread.java:266) ~[ApacheJMeter_core.jar:5.5]
	at java.lang.Thread.run(Thread.java:819) ~[?:1.8.0_222]
2023-06-01 15:22:10,985 INFO o.a.j.t.JMeterThread: Thread finished: Thread Group 1-5
2023-06-01 15:22:10,986 INFO o.a.j.s.FileServer: Stored: hosts.csv Alias: hosts.csv@1905295793
2023-06-01 15:22:10,986 ERROR o.a.j.t.JMeterThread: Test failed!
java.lang.IllegalArgumentException: File hosts.csv must exist and be readable
	at org.apache.jmeter.services.FileServer.createBufferedReader(FileServer.java:424) ~[ApacheJMeter_core.jar:5.5]
	at org.apache.jmeter.services.FileServer.readLine(FileServer.java:340) ~[ApacheJMeter_core.jar:5.5]
	at org.apache.jmeter.config.CSVDataSet.iterationStart(CSVDataSet.java:182) ~[ApacheJMeter_components.jar:5.5]
	at org.apache.jmeter.control.GenericController.fireIterationStart(GenericController.java:399) ~[ApacheJMeter_core.jar:5.5]
	at org.apache.jmeter.control.GenericController.fireIterEvents(GenericController.java:391) ~[ApacheJMeter_core.jar:5.5]
	at org.apache.jmeter.control.GenericController.next(GenericController.java:160) ~[ApacheJMeter_core.jar:5.5]
	at org.apache.jmeter.control.LoopController.next(LoopController.java:134) ~[ApacheJMeter_core.jar:5.5]
	at org.apache.jmeter.threads.AbstractThreadGroup.next(AbstractThreadGroup.java:99) ~[ApacheJMeter_core.jar:5.5]
	at org.apache.jmeter.threads.JMeterThread.run(JMeterThread.java:266) ~[ApacheJMeter_core.jar:5.5]
	at java.lang.Thread.run(Thread.java:819) ~[?:1.8.0_222]
2023-06-01 15:22:10,987 INFO o.a.j.t.JMeterThread: Thread finished: Thread Group 1-6
2023-06-01 15:22:10,987 INFO o.a.j.t.JMeterThread: Thread started: Thread Group 1-7
2023-06-01 15:22:10,988 INFO o.a.j.s.FileServer: Stored: hosts.csv Alias: hosts.csv@1468550281
2023-06-01 15:22:10,988 ERROR o.a.j.t.JMeterThread: Test failed!
java.lang.IllegalArgumentException: File hosts.csv must exist and be readable
	at org.apache.jmeter.services.FileServer.createBufferedReader(FileServer.java:424) ~[ApacheJMeter_core.jar:5.5]
	at org.apache.jmeter.services.FileServer.readLine(FileServer.java:340) ~[ApacheJMeter_core.jar:5.5]
	at org.apache.jmeter.config.CSVDataSet.iterationStart(CSVDataSet.java:182) ~[ApacheJMeter_components.jar:5.5]
	at org.apache.jmeter.control.GenericController.fireIterationStart(GenericController.java:399) ~[ApacheJMeter_core.jar:5.5]
	at org.apache.jmeter.control.GenericController.fireIterEvents(GenericController.java:391) ~[ApacheJMeter_core.jar:5.5]
	at org.apache.jmeter.control.GenericController.next(GenericController.java:160) ~[ApacheJMeter_core.jar:5.5]
	at org.apache.jmeter.control.LoopController.next(LoopController.java:134) ~[ApacheJMeter_core.jar:5.5]
	at org.apache.jmeter.threads.AbstractThreadGroup.next(AbstractThreadGroup.java:99) ~[ApacheJMeter_core.jar:5.5]
	at org.apache.jmeter.threads.JMeterThread.run(JMeterThread.java:266) ~[ApacheJMeter_core.jar:5.5]
	at java.lang.Thread.run(Thread.java:819) ~[?:1.8.0_222]
2023-06-01 15:22:10,989 INFO o.a.j.t.JMeterThread: Thread finished: Thread Group 1-7
2023-06-01 15:22:10,989 INFO o.a.j.t.JMeterThread: Thread started: Thread Group 1-8
2023-06-01 15:22:10,991 INFO o.a.j.s.FileServer: Stored: hosts.csv Alias: hosts.csv@529999017
2023-06-01 15:22:10,991 INFO o.a.j.t.JMeterThread: Thread started: Thread Group 1-9
2023-06-01 15:22:10,991 ERROR o.a.j.t.JMeterThread: Test failed!
java.lang.IllegalArgumentException: File hosts.csv must exist and be readable
	at org.apache.jmeter.services.FileServer.createBufferedReader(FileServer.java:424) ~[ApacheJMeter_core.jar:5.5]
	at org.apache.jmeter.services.FileServer.readLine(FileServer.java:340) ~[ApacheJMeter_core.jar:5.5]
	at org.apache.jmeter.config.CSVDataSet.iterationStart(CSVDataSet.java:182) ~[ApacheJMeter_components.jar:5.5]
	at org.apache.jmeter.control.GenericController.fireIterationStart(GenericController.java:399) ~[ApacheJMeter_core.jar:5.5]
	at org.apache.jmeter.control.GenericController.fireIterEvents(GenericController.java:391) ~[ApacheJMeter_core.jar:5.5]
	at org.apache.jmeter.control.GenericController.next(GenericController.java:160) ~[ApacheJMeter_core.jar:5.5]
	at org.apache.jmeter.control.LoopController.next(LoopController.java:134) ~[ApacheJMeter_core.jar:5.5]
	at org.apache.jmeter.threads.AbstractThreadGroup.next(AbstractThreadGroup.java:99) ~[ApacheJMeter_core.jar:5.5]
	at org.apache.jmeter.threads.JMeterThread.run(JMeterThread.java:266) ~[ApacheJMeter_core.jar:5.5]
	at java.lang.Thread.run(Thread.java:819) ~[?:1.8.0_222]
2023-06-01 15:22:10,992 INFO o.a.j.t.JMeterThread: Thread finished: Thread Group 1-8
2023-06-01 15:22:10,993 INFO o.a.j.s.FileServer: Stored: hosts.csv Alias: hosts.csv@-1164174394
2023-06-01 15:22:10,992 INFO o.a.j.t.JMeterThread: Thread started: Thread Group 1-10
2023-06-01 15:22:10,993 ERROR o.a.j.t.JMeterThread: Test failed!
java.lang.IllegalArgumentException: File hosts.csv must exist and be readable
	at org.apache.jmeter.services.FileServer.createBufferedReader(FileServer.java:424) ~[ApacheJMeter_core.jar:5.5]
	at org.apache.jmeter.services.FileServer.readLine(FileServer.java:340) ~[ApacheJMeter_core.jar:5.5]
	at org.apache.jmeter.config.CSVDataSet.iterationStart(CSVDataSet.java:182) ~[ApacheJMeter_components.jar:5.5]
	at org.apache.jmeter.control.GenericController.fireIterationStart(GenericController.java:399) ~[ApacheJMeter_core.jar:5.5]
	at org.apache.jmeter.control.GenericController.fireIterEvents(GenericController.java:391) ~[ApacheJMeter_core.jar:5.5]
	at org.apache.jmeter.control.GenericController.next(GenericController.java:160) ~[ApacheJMeter_core.jar:5.5]
	at org.apache.jmeter.control.LoopController.next(LoopController.java:134) ~[ApacheJMeter_core.jar:5.5]
	at org.apache.jmeter.threads.AbstractThreadGroup.next(AbstractThreadGroup.java:99) ~[ApacheJMeter_core.jar:5.5]
	at org.apache.jmeter.threads.JMeterThread.run(JMeterThread.java:266) ~[ApacheJMeter_core.jar:5.5]
	at java.lang.Thread.run(Thread.java:819) ~[?:1.8.0_222]
2023-06-01 15:22:10,994 INFO o.a.j.s.FileServer: Stored: hosts.csv Alias: hosts.csv@881302435
2023-06-01 15:22:10,994 INFO o.a.j.t.JMeterThread: Thread finished: Thread Group 1-9
2023-06-01 15:22:10,994 ERROR o.a.j.t.JMeterThread: Test failed!
java.lang.IllegalArgumentException: File hosts.csv must exist and be readable
	at org.apache.jmeter.services.FileServer.createBufferedReader(FileServer.java:424) ~[ApacheJMeter_core.jar:5.5]
	at org.apache.jmeter.services.FileServer.readLine(FileServer.java:340) ~[ApacheJMeter_core.jar:5.5]
	at org.apache.jmeter.config.CSVDataSet.iterationStart(CSVDataSet.java:182) ~[ApacheJMeter_components.jar:5.5]
	at org.apache.jmeter.control.GenericController.fireIterationStart(GenericController.java:399) ~[ApacheJMeter_core.jar:5.5]
	at org.apache.jmeter.control.GenericController.fireIterEvents(GenericController.java:391) ~[ApacheJMeter_core.jar:5.5]
	at org.apache.jmeter.control.GenericController.next(GenericController.java:160) ~[ApacheJMeter_core.jar:5.5]
	at org.apache.jmeter.control.LoopController.next(LoopController.java:134) ~[ApacheJMeter_core.jar:5.5]
	at org.apache.jmeter.threads.AbstractThreadGroup.next(AbstractThreadGroup.java:99) ~[ApacheJMeter_core.jar:5.5]
	at org.apache.jmeter.threads.JMeterThread.run(JMeterThread.java:266) ~[ApacheJMeter_core.jar:5.5]
	at java.lang.Thread.run(Thread.java:819) ~[?:1.8.0_222]
2023-06-01 15:22:10,995 INFO o.a.j.t.JMeterThread: Thread finished: Thread Group 1-10
2023-06-01 15:22:10,996 INFO o.a.j.e.StandardJMeterEngine: Notifying test listeners of end of test
2023-06-01 15:22:10,998 INFO o.a.j.r.Summariser: summary =      0 in 00:00:00 = ******/s Avg:     0 Min: 9223372036854775807 Max: -9223372036854775808 Err:     0 (0.00%)
